(1920, 864, 3)
4976640
432.0
960.0
(1920, 864, 3)
4976640
432.0
960.0
(1920, 864, 3)
4976640
432.0
960.0
(1920, 864, 3)
4976640
432.0
960.0
(1920, 864, 3)
4976640
432.0
960.0
(1920, 864, 3)
4976640
432.0
960.0
(1920, 864, 3)
4976640
432.0
960.0
(1920, 864, 3)
4976640
432.0
960.0
(1920, 864, 3)
4976640
432.0
960.0
(1920, 864, 3)
4976640
432.0
960.0
(1920, 864, 3)
4976640
432.0
960.0
(1920, 864, 3)
4976640
432.0
960.0
(1920, 864, 3)
4976640
432.0
960.0
(1920, 864, 3)
4976640
432.0
960.0
(1920, 864, 3)
4976640
432.0
960.0
(1920, 864, 3)
4976640
432.0
960.0
(1920, 864, 3)
4976640
432.0
960.0
(1920, 864, 3)
4976640
432.0
960.0
(1920, 864, 3)
4976640
432.0
960.0
Camera matrix : 
 [[1.54873233e+03 0.00000000e+00 4.33962874e+02]
 [0.00000000e+00 1.54837148e+03 9.78331755e+02]
 [0.00000000e+00 0.00000000e+00 1.00000000e+00]]
dist :
 [[ 0.31510156 -1.05313628  0.0122538  -0.0015651   0.33904473]]
rvecs :
 (array([[ 0.03140082],
       [ 0.04706973],
       [-0.01661192]]), array([[ 3.63281551e-02],
       [ 4.93071657e-01],
       [-4.84146400e-04]]), array([[ 0.0403957 ],
       [-0.49024432],
       [-0.02977504]]), array([[-0.0915519 ],
       [-0.38490276],
       [-3.09323946]]), array([[ 0.45745444],
       [ 0.03140066],
       [-0.02283028]]), array([[0.52503285],
       [0.11712377],
       [0.04437095]]), array([[ 0.02181295],
       [-0.86746232],
       [-0.03246828]]), array([[-0.57013274],
       [-0.12673734],
       [-0.04106991]]), array([[-0.02165349],
       [-0.94639267],
       [-0.02751193]]), array([[ 0.04085105],
       [ 0.82857112],
       [-0.00207702]]), array([[ 0.02056464],
       [ 0.85941929],
       [-0.01950265]]), array([[-0.07953659],
       [ 0.84977375],
       [-0.20070871]]), array([[-1.27213267],
       [ 0.44784638],
       [-2.76049701]]), array([[ 0.02044187],
       [ 0.15093939],
       [-0.03705389]]), array([[ 0.02926814],
       [ 0.14892185],
       [-0.02405965]]), array([[-0.04471963],
       [ 0.61174367],
       [-0.0149855 ]]), array([[ 0.0320266 ],
       [-0.9659936 ],
       [-0.06029203]]), array([[-0.24764448],
       [-0.76385669],
       [-0.07530293]]), array([[-0.2191112 ],
       [-0.383318  ],
       [-0.06103841]]))
tvecs :
 (array([[-4.05084892],
       [-5.89767828],
       [25.99824829]]), array([[-4.64353968],
       [-7.27763818],
       [31.95337938]]), array([[-3.91133555],
       [-6.76474815],
       [31.59175196]]), array([[ 2.68416257],
       [-3.70144566],
       [31.59868893]]), array([[-4.59698747],
       [-5.12647004],
       [28.47304406]]), array([[-3.215081  ],
       [-6.08920214],
       [26.25720485]]), array([[-1.98685779],
       [-5.00108278],
       [17.53930863]]), array([[-3.38266069],
       [-8.82917516],
       [21.57991128]]), array([[-3.38029104],
       [-5.14016888],
       [21.32795279]]), array([[-4.4841523 ],
       [-5.85785071],
       [30.49269231]]), array([[-2.1846054 ],
       [-5.77295787],
       [26.20349973]]), array([[-3.77405787],
       [-6.98787714],
       [25.41283289]]), array([[ 2.86217136],
       [ 3.35785471],
       [22.31957071]]), array([[-3.99852236],
       [-7.24113645],
       [31.81377059]]), array([[-3.70662336],
       [ 1.31054835],
       [32.79830664]]), array([[-4.48210284],
       [ 0.10771881],
       [30.256358  ]]), array([[-4.0349047 ],
       [-8.04114904],
       [24.64878793]]), array([[-3.98968747],
       [-8.63624255],
       [25.69653928]]), array([[ -3.81091556],
       [-11.52768075],
       [ 24.77341913]]))
[  3.497635 367.50925 ]
[  3.7673187 358.7213   ]
[  2.740326 348.8962  ]